dhu200
*   0563f26 Merge branch 'd' into f
|\  
| *   007a839 Merge branch 'b' into d
| |\  
| * | d76f828 d
* | |   5e9d0a9 Merge branch 'b' into f
|\ \ \  
| | |/  
| |/|   
| * |   acb947c Merge branch 'master' into b
| |\ \  
| | |/  
| |/|   
| * | e445e7d b
* | | ac1e03a f
| |/  
|/|   
* | 6eeb757 c
|/  
* 7a13940 a
jh5990
*   6f02bcb Merge branch 'master' into sub1
|\  
| *   da6edee Merge branch 'sub1'
| |\  
| * | d37be46 4
* | |   52b6ae2 Merge branch 'sub2' into sub1
|\ \ \  
| |_|/  
|/| |   
| * | 14b6469 5
* | |   bed48ba Merge branch 'm2' into sub1
|\ \ \  
| |/ /  
|/| /   
| |/    
| * 6dc44db 2
* | dc8c084 3
|/  
* 57947a7 1
