jh5990
*   6f02bcb Merge branch 'master' into sub1
|\  
| *   da6edee Merge branch 'sub1'
| |\  
| * | d37be46 4
* | |   52b6ae2 Merge branch 'sub2' into sub1
|\ \ \  
| |_|/  
|/| |   
| * | 14b6469 5
* | |   bed48ba Merge branch 'm2' into sub1
|\ \ \  
| |/ /  
|/| /   
| |/    
| * 6dc44db 2
* | dc8c084 3
|/  
* 57947a7 1
jp4989
*   bdede85 Merge branch '6' into 4
|\  
| *   5e87a4e Merge branch 'master' into 6
| |\  
| * | 5b8239b 6
* | |   5227c65 Merge branch 'master' into 4
|\ \ \  
| | |/  
| |/|   
| * |   c4a8295 Merge branch '2'
| |\ \  
| | |/  
| |/|   
| * | 7e5f4c4 3
* | | 1ee7aa2 4
| |/  
|/|   
* | 5a4e1c2 2
|/  
* 32bb71c 1
