dhu200
*   0563f26 Merge branch 'd' into f
|\  
| *   007a839 Merge branch 'b' into d
| |\  
| * | d76f828 d
* | |   5e9d0a9 Merge branch 'b' into f
|\ \ \  
| | |/  
| |/|   
| * |   acb947c Merge branch 'master' into b
| |\ \  
| | |/  
| |/|   
| * | e445e7d b
* | | ac1e03a f
| |/  
|/|   
* | 6eeb757 c
|/  
* 7a13940 a
jp4989
*   bdede85 Merge branch '6' into 4
|\  
| *   5e87a4e Merge branch 'master' into 6
| |\  
| * | 5b8239b 6
* | |   5227c65 Merge branch 'master' into 4
|\ \ \  
| | |/  
| |/|   
| * |   c4a8295 Merge branch '2'
| |\ \  
| | |/  
| |/|   
| * | 7e5f4c4 3
* | | 1ee7aa2 4
| |/  
|/|   
* | 5a4e1c2 2
|/  
* 32bb71c 1
